<?xml version="1.0" encoding="UTF-8"?>
<!-- Generated by org.testng.reporters.JUnitXMLReporter -->
<testsuite hostname="LMIPL-58" tests="3" failures="0" timestamp="9 Oct 2018 12:20:17 GMT" time="2.009" errors="0">
  <testcase name="@BeforeClass startup" time="0.0" classname="CrossBrowser2">
    <failure type="org.openqa.selenium.WebDriverException" message="Cannot create profile directory at C:\Users\Mnimma\AppData\Local\Temp\anonymous8117550184946612541webdriver-profile
Build info: version: &amp;apos;3.6.0&amp;apos;, revision: &amp;apos;6fbf3ec767&amp;apos;, time: &amp;apos;2017-09-27T16:15:26.402Z&amp;apos;
System info: host: &amp;apos;LMIPL-58&amp;apos;, ip: &amp;apos;172.20.10.8&amp;apos;, os.name: &amp;apos;Windows 7&amp;apos;, os.arch: &amp;apos;amd64&amp;apos;, os.version: &amp;apos;6.1&amp;apos;, java.version: &amp;apos;1.8.0_171&amp;apos;
Driver info: driver.version: FirefoxDriver">
      <![CDATA[org.openqa.selenium.WebDriverException: Cannot create profile directory at C:\Users\Mnimma\AppData\Local\Temp\anonymous8117550184946612541webdriver-profile
Build info: version: '3.6.0', revision: '6fbf3ec767', time: '2017-09-27T16:15:26.402Z'
System info: host: 'LMIPL-58', ip: '172.20.10.8', os.name: 'Windows 7', os.arch: 'amd64', os.version: '6.1', java.version: '1.8.0_171'
Driver info: driver.version: FirefoxDriver
	at org.openqa.selenium.io.TemporaryFilesystem.createTempDir(TemporaryFilesystem.java:89)
	at org.openqa.selenium.firefox.FirefoxProfile.layoutOnDisk(FirefoxProfile.java:388)
	at org.openqa.selenium.firefox.FirefoxProfile.toJson(FirefoxProfile.java:359)
	at org.openqa.selenium.firefox.FirefoxOptions.asMap(FirefoxOptions.java:361)
	at org.openqa.selenium.firefox.FirefoxDriver.dropCapabilities(FirefoxDriver.java:193)
	at org.openqa.selenium.firefox.FirefoxDriver.<init>(FirefoxDriver.java:120)
	at org.openqa.selenium.firefox.FirefoxDriver.<init>(FirefoxDriver.java:98)
	at CrossBrowser2.startup(CrossBrowser2.java:21)
	at java.util.concurrent.FutureTask.run(Unknown Source)
	at java.util.concurrent.ThreadPoolExecutor.runWorker(Unknown Source)
	at java.util.concurrent.ThreadPoolExecutor$Worker.run(Unknown Source)
	at java.lang.Thread.run(Unknown Source)
... Removed 16 stack frames]]>
    </failure>
  </testcase> <!-- @BeforeClass startup -->
  <testcase name="@AfterClass end" time="0.0" classname="CrossBrowser2">
    <skipped/>
  </testcase> <!-- @AfterClass end -->
  <testcase name="@BeforeClass startup" time="0.0" classname="CrossBrowser3">
    <failure type="org.openqa.selenium.WebDriverException" message="Cannot create profile directory at C:\Users\Mnimma\AppData\Local\Temp\anonymous694498078961896188webdriver-profile
Build info: version: &amp;apos;3.6.0&amp;apos;, revision: &amp;apos;6fbf3ec767&amp;apos;, time: &amp;apos;2017-09-27T16:15:26.402Z&amp;apos;
System info: host: &amp;apos;LMIPL-58&amp;apos;, ip: &amp;apos;172.20.10.8&amp;apos;, os.name: &amp;apos;Windows 7&amp;apos;, os.arch: &amp;apos;amd64&amp;apos;, os.version: &amp;apos;6.1&amp;apos;, java.version: &amp;apos;1.8.0_171&amp;apos;
Driver info: driver.version: FirefoxDriver">
      <![CDATA[org.openqa.selenium.WebDriverException: Cannot create profile directory at C:\Users\Mnimma\AppData\Local\Temp\anonymous694498078961896188webdriver-profile
Build info: version: '3.6.0', revision: '6fbf3ec767', time: '2017-09-27T16:15:26.402Z'
System info: host: 'LMIPL-58', ip: '172.20.10.8', os.name: 'Windows 7', os.arch: 'amd64', os.version: '6.1', java.version: '1.8.0_171'
Driver info: driver.version: FirefoxDriver
	at org.openqa.selenium.io.TemporaryFilesystem.createTempDir(TemporaryFilesystem.java:89)
	at org.openqa.selenium.firefox.FirefoxProfile.layoutOnDisk(FirefoxProfile.java:388)
	at org.openqa.selenium.firefox.FirefoxProfile.toJson(FirefoxProfile.java:359)
	at org.openqa.selenium.firefox.FirefoxOptions.asMap(FirefoxOptions.java:361)
	at org.openqa.selenium.firefox.FirefoxDriver.dropCapabilities(FirefoxDriver.java:193)
	at org.openqa.selenium.firefox.FirefoxDriver.<init>(FirefoxDriver.java:120)
	at org.openqa.selenium.firefox.FirefoxDriver.<init>(FirefoxDriver.java:98)
	at CrossBrowser3.startup(CrossBrowser3.java:21)
	at java.util.concurrent.FutureTask.run(Unknown Source)
	at java.util.concurrent.ThreadPoolExecutor.runWorker(Unknown Source)
	at java.util.concurrent.ThreadPoolExecutor$Worker.run(Unknown Source)
	at java.lang.Thread.run(Unknown Source)
... Removed 16 stack frames]]>
    </failure>
  </testcase> <!-- @BeforeClass startup -->
  <testcase name="@AfterClass end" time="0.0" classname="CrossBrowser3">
    <skipped/>
  </testcase> <!-- @AfterClass end -->
  <testcase name="@BeforeClass startup" time="0.0" classname="CrossBrowser4">
    <failure type="org.openqa.selenium.WebDriverException" message="Cannot create profile directory at C:\Users\Mnimma\AppData\Local\Temp\anonymous1105327774820375136webdriver-profile
Build info: version: &amp;apos;3.6.0&amp;apos;, revision: &amp;apos;6fbf3ec767&amp;apos;, time: &amp;apos;2017-09-27T16:15:26.402Z&amp;apos;
System info: host: &amp;apos;LMIPL-58&amp;apos;, ip: &amp;apos;172.20.10.8&amp;apos;, os.name: &amp;apos;Windows 7&amp;apos;, os.arch: &amp;apos;amd64&amp;apos;, os.version: &amp;apos;6.1&amp;apos;, java.version: &amp;apos;1.8.0_171&amp;apos;
Driver info: driver.version: FirefoxDriver">
      <![CDATA[org.openqa.selenium.WebDriverException: Cannot create profile directory at C:\Users\Mnimma\AppData\Local\Temp\anonymous1105327774820375136webdriver-profile
Build info: version: '3.6.0', revision: '6fbf3ec767', time: '2017-09-27T16:15:26.402Z'
System info: host: 'LMIPL-58', ip: '172.20.10.8', os.name: 'Windows 7', os.arch: 'amd64', os.version: '6.1', java.version: '1.8.0_171'
Driver info: driver.version: FirefoxDriver
	at org.openqa.selenium.io.TemporaryFilesystem.createTempDir(TemporaryFilesystem.java:89)
	at org.openqa.selenium.firefox.FirefoxProfile.layoutOnDisk(FirefoxProfile.java:388)
	at org.openqa.selenium.firefox.FirefoxProfile.toJson(FirefoxProfile.java:359)
	at org.openqa.selenium.firefox.FirefoxOptions.asMap(FirefoxOptions.java:361)
	at org.openqa.selenium.firefox.FirefoxDriver.dropCapabilities(FirefoxDriver.java:193)
	at org.openqa.selenium.firefox.FirefoxDriver.<init>(FirefoxDriver.java:120)
	at org.openqa.selenium.firefox.FirefoxDriver.<init>(FirefoxDriver.java:98)
	at CrossBrowser4.startup(CrossBrowser4.java:21)
	at java.util.concurrent.FutureTask.run(Unknown Source)
	at java.util.concurrent.ThreadPoolExecutor.runWorker(Unknown Source)
	at java.util.concurrent.ThreadPoolExecutor$Worker.run(Unknown Source)
	at java.lang.Thread.run(Unknown Source)
... Removed 16 stack frames]]>
    </failure>
  </testcase> <!-- @BeforeClass startup -->
  <testcase name="@AfterClass end" time="0.0" classname="CrossBrowser4">
    <skipped/>
  </testcase> <!-- @AfterClass end -->
  <testcase name="login" time="0.001" classname="CrossBrowser2">
    <skipped/>
  </testcase> <!-- login -->
  <testcase name="login" time="0.001" classname="CrossBrowser3">
    <skipped/>
  </testcase> <!-- login -->
  <testcase name="login" time="0.001" classname="CrossBrowser4">
    <skipped/>
  </testcase> <!-- login -->
</testsuite>
